Analysis & Synthesis report for tx_serial
Fri Jun 28 13:27:45 2019
Quartus Prime Version 16.0.0 Build 211 04/27/2016 SJ Standard Edition


---------------------
; Table of Contents ;
---------------------
  1. Legal Notice
  2. Analysis & Synthesis Summary
  3. Analysis & Synthesis Settings
  4. Parallel Compilation
  5. Analysis & Synthesis Source Files Read
  6. Analysis & Synthesis Resource Usage Summary
  7. Analysis & Synthesis Resource Utilization by Entity
  8. General Register Statistics
  9. Parameter Settings for User Entity Instance: Top-level Entity: |tx_serial
 10. Parameter Settings for User Entity Instance: entrada:ent
 11. Parameter Settings for User Entity Instance: conv_paralelo_serial:conv
 12. Parameter Settings for User Entity Instance: gera_baudrate:gdb
 13. Post-Synthesis Netlist Statistics for Top Partition
 14. Elapsed Time Per Partition
 15. Analysis & Synthesis Messages



----------------
; Legal Notice ;
----------------
Copyright (C) 1991-2016 Altera Corporation. All rights reserved.
Your use of Altera Corporation's design tools, logic functions 
and other software and tools, and its AMPP partner logic 
functions, and any output files from any of the foregoing 
(including device programming or simulation files), and any 
associated documentation or information are expressly subject 
to the terms and conditions of the Altera Program License 
Subscription Agreement, the Altera Quartus Prime License Agreement,
the Altera MegaCore Function License Agreement, or other 
applicable license agreement, including, without limitation, 
that your use is for the sole purpose of programming logic 
devices manufactured by Altera and sold by Altera or its 
authorized distributors.  Please refer to the applicable 
agreement for further details.



+--------------------------------------------------------------------------------------+
; Analysis & Synthesis Summary                                                         ;
+------------------------------------+-------------------------------------------------+
; Analysis & Synthesis Status        ; Successful - Fri Jun 28 13:27:45 2019           ;
; Quartus Prime Version              ; 16.0.0 Build 211 04/27/2016 SJ Standard Edition ;
; Revision Name                      ; tx_serial                                       ;
; Top-level Entity Name              ; tx_serial                                       ;
; Family                             ; Cyclone IV E                                    ;
; Total logic elements               ; 0                                               ;
;     Total combinational functions  ; 0                                               ;
;     Dedicated logic registers      ; 0                                               ;
; Total registers                    ; 0                                               ;
; Total pins                         ; 78                                              ;
; Total virtual pins                 ; 0                                               ;
; Total memory bits                  ; 0                                               ;
; Embedded Multiplier 9-bit elements ; 0                                               ;
; Total PLLs                         ; 0                                               ;
+------------------------------------+-------------------------------------------------+


+----------------------------------------------------------------------------------------------------------------------+
; Analysis & Synthesis Settings                                                                                        ;
+----------------------------------------------------------------------------+--------------------+--------------------+
; Option                                                                     ; Setting            ; Default Value      ;
+----------------------------------------------------------------------------+--------------------+--------------------+
; Top-level entity name                                                      ; tx_serial          ; tx_serial          ;
; Family name                                                                ; Cyclone IV E       ; Cyclone V          ;
; Use smart compilation                                                      ; Off                ; Off                ;
; Enable parallel Assembler and TimeQuest Timing Analyzer during compilation ; On                 ; On                 ;
; Enable compact report table                                                ; Off                ; Off                ;
; Restructure Multiplexers                                                   ; Auto               ; Auto               ;
; Create Debugging Nodes for IP Cores                                        ; Off                ; Off                ;
; Preserve fewer node names                                                  ; On                 ; On                 ;
; Disable OpenCore Plus hardware evaluation                                  ; Off                ; Off                ;
; Verilog Version                                                            ; Verilog_2001       ; Verilog_2001       ;
; VHDL Version                                                               ; VHDL_1993          ; VHDL_1993          ;
; State Machine Processing                                                   ; Auto               ; Auto               ;
; Safe State Machine                                                         ; Off                ; Off                ;
; Extract Verilog State Machines                                             ; On                 ; On                 ;
; Extract VHDL State Machines                                                ; On                 ; On                 ;
; Ignore Verilog initial constructs                                          ; Off                ; Off                ;
; Iteration limit for constant Verilog loops                                 ; 5000               ; 5000               ;
; Iteration limit for non-constant Verilog loops                             ; 250                ; 250                ;
; Add Pass-Through Logic to Inferred RAMs                                    ; On                 ; On                 ;
; Infer RAMs from Raw Logic                                                  ; On                 ; On                 ;
; Parallel Synthesis                                                         ; On                 ; On                 ;
; DSP Block Balancing                                                        ; Auto               ; Auto               ;
; NOT Gate Push-Back                                                         ; On                 ; On                 ;
; Power-Up Don't Care                                                        ; On                 ; On                 ;
; Remove Redundant Logic Cells                                               ; Off                ; Off                ;
; Remove Duplicate Registers                                                 ; On                 ; On                 ;
; Ignore CARRY Buffers                                                       ; Off                ; Off                ;
; Ignore CASCADE Buffers                                                     ; Off                ; Off                ;
; Ignore GLOBAL Buffers                                                      ; Off                ; Off                ;
; Ignore ROW GLOBAL Buffers                                                  ; Off                ; Off                ;
; Ignore LCELL Buffers                                                       ; Off                ; Off                ;
; Ignore SOFT Buffers                                                        ; On                 ; On                 ;
; Limit AHDL Integers to 32 Bits                                             ; Off                ; Off                ;
; Optimization Technique                                                     ; Balanced           ; Balanced           ;
; Carry Chain Length                                                         ; 70                 ; 70                 ;
; Auto Carry Chains                                                          ; On                 ; On                 ;
; Auto Open-Drain Pins                                                       ; On                 ; On                 ;
; Perform WYSIWYG Primitive Resynthesis                                      ; Off                ; Off                ;
; Auto ROM Replacement                                                       ; On                 ; On                 ;
; Auto RAM Replacement                                                       ; On                 ; On                 ;
; Auto DSP Block Replacement                                                 ; On                 ; On                 ;
; Auto Shift Register Replacement                                            ; Auto               ; Auto               ;
; Allow Shift Register Merging across Hierarchies                            ; Auto               ; Auto               ;
; Auto Clock Enable Replacement                                              ; On                 ; On                 ;
; Strict RAM Replacement                                                     ; Off                ; Off                ;
; Allow Synchronous Control Signals                                          ; On                 ; On                 ;
; Force Use of Synchronous Clear Signals                                     ; Off                ; Off                ;
; Auto RAM Block Balancing                                                   ; On                 ; On                 ;
; Auto RAM to Logic Cell Conversion                                          ; Off                ; Off                ;
; Auto Resource Sharing                                                      ; Off                ; Off                ;
; Allow Any RAM Size For Recognition                                         ; Off                ; Off                ;
; Allow Any ROM Size For Recognition                                         ; Off                ; Off                ;
; Allow Any Shift Register Size For Recognition                              ; Off                ; Off                ;
; Use LogicLock Constraints during Resource Balancing                        ; On                 ; On                 ;
; Ignore translate_off and synthesis_off directives                          ; Off                ; Off                ;
; Timing-Driven Synthesis                                                    ; On                 ; On                 ;
; Report Parameter Settings                                                  ; On                 ; On                 ;
; Report Source Assignments                                                  ; On                 ; On                 ;
; Report Connectivity Checks                                                 ; On                 ; On                 ;
; Ignore Maximum Fan-Out Assignments                                         ; Off                ; Off                ;
; Synchronization Register Chain Length                                      ; 2                  ; 2                  ;
; PowerPlay Power Optimization During Synthesis                              ; Normal compilation ; Normal compilation ;
; HDL message level                                                          ; Level2             ; Level2             ;
; Suppress Register Optimization Related Messages                            ; Off                ; Off                ;
; Number of Removed Registers Reported in Synthesis Report                   ; 5000               ; 5000               ;
; Number of Swept Nodes Reported in Synthesis Report                         ; 5000               ; 5000               ;
; Number of Inverted Registers Reported in Synthesis Report                  ; 100                ; 100                ;
; Clock MUX Protection                                                       ; On                 ; On                 ;
; Auto Gated Clock Conversion                                                ; Off                ; Off                ;
; Block Design Naming                                                        ; Auto               ; Auto               ;
; SDC constraint protection                                                  ; Off                ; Off                ;
; Synthesis Effort                                                           ; Auto               ; Auto               ;
; Shift Register Replacement - Allow Asynchronous Clear Signal               ; On                 ; On                 ;
; Pre-Mapping Resynthesis Optimization                                       ; Off                ; Off                ;
; Analysis & Synthesis Message Level                                         ; Medium             ; Medium             ;
; Disable Register Merging Across Hierarchies                                ; Auto               ; Auto               ;
; Resource Aware Inference For Block RAM                                     ; On                 ; On                 ;
; Synthesis Seed                                                             ; 1                  ; 1                  ;
+----------------------------------------------------------------------------+--------------------+--------------------+


+------------------------------------------+
; Parallel Compilation                     ;
+----------------------------+-------------+
; Processors                 ; Number      ;
+----------------------------+-------------+
; Number detected on machine ; 4           ;
; Maximum allowed            ; 4           ;
;                            ;             ;
; Average used               ; 1.00        ;
; Maximum used               ; 1           ;
;                            ;             ;
; Usage by Processor         ; % Time Used ;
;     Processor 1            ; 100.0%      ;
+----------------------------+-------------+


+------------------------------------------------------------------------------------------------------------------------------------------+
; Analysis & Synthesis Source Files Read                                                                                                   ;
+----------------------------------+-----------------+-----------------+---------------------------------------------------------+---------+
; File Name with User-Entered Path ; Used in Netlist ; File Type       ; File Name with Absolute Path                            ; Library ;
+----------------------------------+-----------------+-----------------+---------------------------------------------------------+---------+
; gera_baudrate.vhd                ; yes             ; User VHDL File  ; /home/aluno/Projeto_Final_DLP1/gera_baudrate.vhd        ;         ;
; entrada.vhd                      ; yes             ; User VHDL File  ; /home/aluno/Projeto_Final_DLP1/entrada.vhd              ;         ;
; conv_paralelo_serial.vhd         ; yes             ; User VHDL File  ; /home/aluno/Projeto_Final_DLP1/conv_paralelo_serial.vhd ;         ;
; tx_serial.vhd                    ; yes             ; User VHDL File  ; /home/aluno/Projeto_Final_DLP1/tx_serial.vhd            ;         ;
+----------------------------------+-----------------+-----------------+---------------------------------------------------------+---------+


+------------------------------------------------------+
; Analysis & Synthesis Resource Usage Summary          ;
+---------------------------------------------+--------+
; Resource                                    ; Usage  ;
+---------------------------------------------+--------+
;                                             ;        ;
; Total combinational functions               ; 0      ;
; Logic element usage by number of LUT inputs ;        ;
;     -- 4 input functions                    ; 0      ;
;     -- 3 input functions                    ; 0      ;
;     -- <=2 input functions                  ; 0      ;
;                                             ;        ;
; Logic elements by mode                      ;        ;
;     -- normal mode                          ; 0      ;
;     -- arithmetic mode                      ; 0      ;
;                                             ;        ;
; Total registers                             ; 0      ;
;     -- Dedicated logic registers            ; 0      ;
;     -- I/O registers                        ; 0      ;
;                                             ;        ;
; I/O pins                                    ; 78     ;
;                                             ;        ;
; Embedded Multiplier 9-bit elements          ; 0      ;
;                                             ;        ;
; Maximum fan-out node                        ; clk_tx ;
; Maximum fan-out                             ; 1      ;
; Total fan-out                               ; 78     ;
; Average fan-out                             ; 0.50   ;
+---------------------------------------------+--------+


+-------------------------------------------------------------------------------------------------------------------------------------------------------------------------------------------+
; Analysis & Synthesis Resource Utilization by Entity                                                                                                                                       ;
+----------------------------+-------------------+--------------+-------------+--------------+---------+-----------+------+--------------+---------------------+-------------+--------------+
; Compilation Hierarchy Node ; LC Combinationals ; LC Registers ; Memory Bits ; DSP Elements ; DSP 9x9 ; DSP 18x18 ; Pins ; Virtual Pins ; Full Hierarchy Name ; Entity Name ; Library Name ;
+----------------------------+-------------------+--------------+-------------+--------------+---------+-----------+------+--------------+---------------------+-------------+--------------+
; |tx_serial                 ; 0 (0)             ; 0 (0)        ; 0           ; 0            ; 0       ; 0         ; 78   ; 0            ; |tx_serial          ; tx_serial   ; work         ;
+----------------------------+-------------------+--------------+-------------+--------------+---------+-----------+------+--------------+---------------------+-------------+--------------+
Note: For table entries with two numbers listed, the numbers in parentheses indicate the number of resources of the given type used by the specific entity alone. The numbers listed outside of parentheses indicate the total resources of the given type used by the specific entity and all of its sub-entities in the hierarchy.


+------------------------------------------------------+
; General Register Statistics                          ;
+----------------------------------------------+-------+
; Statistic                                    ; Value ;
+----------------------------------------------+-------+
; Total registers                              ; 0     ;
; Number of registers using Synchronous Clear  ; 0     ;
; Number of registers using Synchronous Load   ; 0     ;
; Number of registers using Asynchronous Clear ; 0     ;
; Number of registers using Asynchronous Load  ; 0     ;
; Number of registers using Clock Enable       ; 0     ;
; Number of registers using Preset             ; 0     ;
+----------------------------------------------+-------+


+---------------------------------------------------------------------------+
; Parameter Settings for User Entity Instance: Top-level Entity: |tx_serial ;
+----------------+-------+--------------------------------------------------+
; Parameter Name ; Value ; Type                                             ;
+----------------+-------+--------------------------------------------------+
; N              ; 4     ; Signed Integer                                   ;
+----------------+-------+--------------------------------------------------+
Note: In order to hide this table in the UI and the text report file, please set the "Show Parameter Settings in Synthesis Report" option in "Analysis and Synthesis Settings -> More Settings" to "Off".


+----------------------------------------------------------+
; Parameter Settings for User Entity Instance: entrada:ent ;
+----------------+-------+---------------------------------+
; Parameter Name ; Value ; Type                            ;
+----------------+-------+---------------------------------+
; n              ; 8     ; Signed Integer                  ;
+----------------+-------+---------------------------------+
Note: In order to hide this table in the UI and the text report file, please set the "Show Parameter Settings in Synthesis Report" option in "Analysis and Synthesis Settings -> More Settings" to "Off".


+------------------------------------------------------------------------+
; Parameter Settings for User Entity Instance: conv_paralelo_serial:conv ;
+----------------+-------+-----------------------------------------------+
; Parameter Name ; Value ; Type                                          ;
+----------------+-------+-----------------------------------------------+
; n              ; 4     ; Signed Integer                                ;
+----------------+-------+-----------------------------------------------+
Note: In order to hide this table in the UI and the text report file, please set the "Show Parameter Settings in Synthesis Report" option in "Analysis and Synthesis Settings -> More Settings" to "Off".


+----------------------------------------------------------------+
; Parameter Settings for User Entity Instance: gera_baudrate:gdb ;
+----------------+-------+---------------------------------------+
; Parameter Name ; Value ; Type                                  ;
+----------------+-------+---------------------------------------+
; n              ; 4     ; Signed Integer                        ;
+----------------+-------+---------------------------------------+
Note: In order to hide this table in the UI and the text report file, please set the "Show Parameter Settings in Synthesis Report" option in "Analysis and Synthesis Settings -> More Settings" to "Off".


+-----------------------------------------------------+
; Post-Synthesis Netlist Statistics for Top Partition ;
+-----------------------+-----------------------------+
; Type                  ; Count                       ;
+-----------------------+-----------------------------+
; boundary_port         ; 78                          ;
; cycloneiii_lcell_comb ; 2                           ;
;     normal            ; 2                           ;
;         0 data inputs ; 2                           ;
;                       ;                             ;
; Max LUT depth         ; 0.00                        ;
; Average LUT depth     ; 0.00                        ;
+-----------------------+-----------------------------+


+-------------------------------+
; Elapsed Time Per Partition    ;
+----------------+--------------+
; Partition Name ; Elapsed Time ;
+----------------+--------------+
; Top            ; 00:00:00     ;
+----------------+--------------+


+-------------------------------+
; Analysis & Synthesis Messages ;
+-------------------------------+
Info: *******************************************************************
Info: Running Quartus Prime Analysis & Synthesis
    Info: Version 16.0.0 Build 211 04/27/2016 SJ Standard Edition
    Info: Processing started: Fri Jun 28 13:27:34 2019
Info: Command: quartus_map --read_settings_files=on --write_settings_files=off tx_serial -c tx_serial
Warning (18236): Number of processors has not been specified which may cause overloading on shared machines.  Set the global assignment NUM_PARALLEL_PROCESSORS in your QSF to an appropriate value for best performance.
Info (20030): Parallel compilation is enabled and will use 4 of the 4 processors detected
Info (12021): Found 2 design units, including 1 entities, in source file gera_baudrate.vhd
    Info (12022): Found design unit 1: gera_baudrate-ifsc File: /home/aluno/Projeto_Final_DLP1/gera_baudrate.vhd Line: 25
    Info (12023): Found entity 1: gera_baudrate File: /home/aluno/Projeto_Final_DLP1/gera_baudrate.vhd Line: 5
Info (12021): Found 2 design units, including 1 entities, in source file entrada.vhd
    Info (12022): Found design unit 1: entrada-ifsc File: /home/aluno/Projeto_Final_DLP1/entrada.vhd Line: 31
    Info (12023): Found entity 1: entrada File: /home/aluno/Projeto_Final_DLP1/entrada.vhd Line: 5
Info (12021): Found 2 design units, including 1 entities, in source file conv_paralelo_serial.vhd
    Info (12022): Found design unit 1: conv_paralelo_serial-ifsc File: /home/aluno/Projeto_Final_DLP1/conv_paralelo_serial.vhd Line: 23
    Info (12023): Found entity 1: conv_paralelo_serial File: /home/aluno/Projeto_Final_DLP1/conv_paralelo_serial.vhd Line: 5
Info (12021): Found 2 design units, including 1 entities, in source file tx_serial.vhd
    Info (12022): Found design unit 1: tx_serial-ifsc File: /home/aluno/Projeto_Final_DLP1/tx_serial.vhd Line: 38
    Info (12023): Found entity 1: tx_serial File: /home/aluno/Projeto_Final_DLP1/tx_serial.vhd Line: 5
Info (12021): Found 2 design units, including 1 entities, in source file gerador_paridade.vhd
    Info (12022): Found design unit 1: gerador_paridade-gerador_paridade_v1 File: /home/aluno/Projeto_Final_DLP1/gerador_paridade.vhd Line: 19
    Info (12023): Found entity 1: gerador_paridade File: /home/aluno/Projeto_Final_DLP1/gerador_paridade.vhd Line: 5
Info (12127): Elaborating entity "tx_serial" for the top level hierarchy
Warning (10541): VHDL Signal Declaration warning at tx_serial.vhd(29): used implicit default value for signal "baudrate_tx" because signal was never assigned a value or an explicit default value. Use of implicit default value may introduce unintended design optimizations. File: /home/aluno/Projeto_Final_DLP1/tx_serial.vhd Line: 29
Info (12128): Elaborating entity "entrada" for hierarchy "entrada:ent" File: /home/aluno/Projeto_Final_DLP1/tx_serial.vhd Line: 98
Warning (10541): VHDL Signal Declaration warning at entrada.vhd(26): used implicit default value for signal "load_out_ent" because signal was never assigned a value or an explicit default value. Use of implicit default value may introduce unintended design optimizations. File: /home/aluno/Projeto_Final_DLP1/entrada.vhd Line: 26
Info (12128): Elaborating entity "conv_paralelo_serial" for hierarchy "conv_paralelo_serial:conv" File: /home/aluno/Projeto_Final_DLP1/tx_serial.vhd Line: 102
Warning (10541): VHDL Signal Declaration warning at conv_paralelo_serial.vhd(18): used implicit default value for signal "out_ent" because signal was never assigned a value or an explicit default value. Use of implicit default value may introduce unintended design optimizations. File: /home/aluno/Projeto_Final_DLP1/conv_paralelo_serial.vhd Line: 18
Info (12128): Elaborating entity "gera_baudrate" for hierarchy "gera_baudrate:gdb" File: /home/aluno/Projeto_Final_DLP1/tx_serial.vhd Line: 106
Warning (10541): VHDL Signal Declaration warning at gera_baudrate.vhd(16): used implicit default value for signal "baudrate_gbd" because signal was never assigned a value or an explicit default value. Use of implicit default value may introduce unintended design optimizations. File: /home/aluno/Projeto_Final_DLP1/gera_baudrate.vhd Line: 16
Warning (10541): VHDL Signal Declaration warning at gera_baudrate.vhd(17): used implicit default value for signal "led_baudrate_gbd1" because signal was never assigned a value or an explicit default value. Use of implicit default value may introduce unintended design optimizations. File: /home/aluno/Projeto_Final_DLP1/gera_baudrate.vhd Line: 17
Warning (10541): VHDL Signal Declaration warning at gera_baudrate.vhd(18): used implicit default value for signal "led_baudrate_gbd2" because signal was never assigned a value or an explicit default value. Use of implicit default value may introduce unintended design optimizations. File: /home/aluno/Projeto_Final_DLP1/gera_baudrate.vhd Line: 18
Warning (10541): VHDL Signal Declaration warning at gera_baudrate.vhd(19): used implicit default value for signal "led_baudrate_gbd3" because signal was never assigned a value or an explicit default value. Use of implicit default value may introduce unintended design optimizations. File: /home/aluno/Projeto_Final_DLP1/gera_baudrate.vhd Line: 19
Warning (10541): VHDL Signal Declaration warning at gera_baudrate.vhd(20): used implicit default value for signal "led_baudrate_gbd4" because signal was never assigned a value or an explicit default value. Use of implicit default value may introduce unintended design optimizations. File: /home/aluno/Projeto_Final_DLP1/gera_baudrate.vhd Line: 20
Warning (13024): Output pins are stuck at VCC or GND
    Warning (13410): Pin "out_tx[0]" is stuck at GND File: /home/aluno/Projeto_Final_DLP1/tx_serial.vhd Line: 19
    Warning (13410): Pin "out_tx[1]" is stuck at GND File: /home/aluno/Projeto_Final_DLP1/tx_serial.vhd Line: 19
    Warning (13410): Pin "out_tx[2]" is stuck at GND File: /home/aluno/Projeto_Final_DLP1/tx_serial.vhd Line: 19
    Warning (13410): Pin "out_tx[3]" is stuck at GND File: /home/aluno/Projeto_Final_DLP1/tx_serial.vhd Line: 19
    Warning (13410): Pin "out_tx[4]" is stuck at GND File: /home/aluno/Projeto_Final_DLP1/tx_serial.vhd Line: 19
    Warning (13410): Pin "out_tx[5]" is stuck at GND File: /home/aluno/Projeto_Final_DLP1/tx_serial.vhd Line: 19
    Warning (13410): Pin "out_tx[6]" is stuck at GND File: /home/aluno/Projeto_Final_DLP1/tx_serial.vhd Line: 19
    Warning (13410): Pin "out_tx[7]" is stuck at GND File: /home/aluno/Projeto_Final_DLP1/tx_serial.vhd Line: 19
    Warning (13410): Pin "out_tx[8]" is stuck at GND File: /home/aluno/Projeto_Final_DLP1/tx_serial.vhd Line: 19
    Warning (13410): Pin "out_tx[9]" is stuck at GND File: /home/aluno/Projeto_Final_DLP1/tx_serial.vhd Line: 19
    Warning (13410): Pin "out_tx[10]" is stuck at GND File: /home/aluno/Projeto_Final_DLP1/tx_serial.vhd Line: 19
    Warning (13410): Pin "ssd1_tx[0]" is stuck at VCC File: /home/aluno/Projeto_Final_DLP1/tx_serial.vhd Line: 20
    Warning (13410): Pin "ssd1_tx[1]" is stuck at GND File: /home/aluno/Projeto_Final_DLP1/tx_serial.vhd Line: 20
    Warning (13410): Pin "ssd1_tx[2]" is stuck at GND File: /home/aluno/Projeto_Final_DLP1/tx_serial.vhd Line: 20
    Warning (13410): Pin "ssd1_tx[3]" is stuck at GND File: /home/aluno/Projeto_Final_DLP1/tx_serial.vhd Line: 20
    Warning (13410): Pin "ssd1_tx[4]" is stuck at GND File: /home/aluno/Projeto_Final_DLP1/tx_serial.vhd Line: 20
    Warning (13410): Pin "ssd1_tx[5]" is stuck at GND File: /home/aluno/Projeto_Final_DLP1/tx_serial.vhd Line: 20
    Warning (13410): Pin "ssd1_tx[6]" is stuck at GND File: /home/aluno/Projeto_Final_DLP1/tx_serial.vhd Line: 20
    Warning (13410): Pin "ssd2_tx[0]" is stuck at VCC File: /home/aluno/Projeto_Final_DLP1/tx_serial.vhd Line: 21
    Warning (13410): Pin "ssd2_tx[1]" is stuck at GND File: /home/aluno/Projeto_Final_DLP1/tx_serial.vhd Line: 21
    Warning (13410): Pin "ssd2_tx[2]" is stuck at GND File: /home/aluno/Projeto_Final_DLP1/tx_serial.vhd Line: 21
    Warning (13410): Pin "ssd2_tx[3]" is stuck at GND File: /home/aluno/Projeto_Final_DLP1/tx_serial.vhd Line: 21
    Warning (13410): Pin "ssd2_tx[4]" is stuck at GND File: /home/aluno/Projeto_Final_DLP1/tx_serial.vhd Line: 21
    Warning (13410): Pin "ssd2_tx[5]" is stuck at GND File: /home/aluno/Projeto_Final_DLP1/tx_serial.vhd Line: 21
    Warning (13410): Pin "ssd2_tx[6]" is stuck at GND File: /home/aluno/Projeto_Final_DLP1/tx_serial.vhd Line: 21
    Warning (13410): Pin "ssd3_tx[0]" is stuck at VCC File: /home/aluno/Projeto_Final_DLP1/tx_serial.vhd Line: 22
    Warning (13410): Pin "ssd3_tx[1]" is stuck at GND File: /home/aluno/Projeto_Final_DLP1/tx_serial.vhd Line: 22
    Warning (13410): Pin "ssd3_tx[2]" is stuck at GND File: /home/aluno/Projeto_Final_DLP1/tx_serial.vhd Line: 22
    Warning (13410): Pin "ssd3_tx[3]" is stuck at GND File: /home/aluno/Projeto_Final_DLP1/tx_serial.vhd Line: 22
    Warning (13410): Pin "ssd3_tx[4]" is stuck at GND File: /home/aluno/Projeto_Final_DLP1/tx_serial.vhd Line: 22
    Warning (13410): Pin "ssd3_tx[5]" is stuck at GND File: /home/aluno/Projeto_Final_DLP1/tx_serial.vhd Line: 22
    Warning (13410): Pin "ssd3_tx[6]" is stuck at GND File: /home/aluno/Projeto_Final_DLP1/tx_serial.vhd Line: 22
    Warning (13410): Pin "ssd4_tx[0]" is stuck at VCC File: /home/aluno/Projeto_Final_DLP1/tx_serial.vhd Line: 23
    Warning (13410): Pin "ssd4_tx[1]" is stuck at GND File: /home/aluno/Projeto_Final_DLP1/tx_serial.vhd Line: 23
    Warning (13410): Pin "ssd4_tx[2]" is stuck at GND File: /home/aluno/Projeto_Final_DLP1/tx_serial.vhd Line: 23
    Warning (13410): Pin "ssd4_tx[3]" is stuck at GND File: /home/aluno/Projeto_Final_DLP1/tx_serial.vhd Line: 23
    Warning (13410): Pin "ssd4_tx[4]" is stuck at GND File: /home/aluno/Projeto_Final_DLP1/tx_serial.vhd Line: 23
    Warning (13410): Pin "ssd4_tx[5]" is stuck at GND File: /home/aluno/Projeto_Final_DLP1/tx_serial.vhd Line: 23
    Warning (13410): Pin "ssd4_tx[6]" is stuck at GND File: /home/aluno/Projeto_Final_DLP1/tx_serial.vhd Line: 23
    Warning (13410): Pin "ssd5_tx[0]" is stuck at VCC File: /home/aluno/Projeto_Final_DLP1/tx_serial.vhd Line: 24
    Warning (13410): Pin "ssd5_tx[1]" is stuck at GND File: /home/aluno/Projeto_Final_DLP1/tx_serial.vhd Line: 24
    Warning (13410): Pin "ssd5_tx[2]" is stuck at GND File: /home/aluno/Projeto_Final_DLP1/tx_serial.vhd Line: 24
    Warning (13410): Pin "ssd5_tx[3]" is stuck at GND File: /home/aluno/Projeto_Final_DLP1/tx_serial.vhd Line: 24
    Warning (13410): Pin "ssd5_tx[4]" is stuck at GND File: /home/aluno/Projeto_Final_DLP1/tx_serial.vhd Line: 24
    Warning (13410): Pin "ssd5_tx[5]" is stuck at GND File: /home/aluno/Projeto_Final_DLP1/tx_serial.vhd Line: 24
    Warning (13410): Pin "ssd5_tx[6]" is stuck at GND File: /home/aluno/Projeto_Final_DLP1/tx_serial.vhd Line: 24
    Warning (13410): Pin "ssd6_tx[0]" is stuck at GND File: /home/aluno/Projeto_Final_DLP1/tx_serial.vhd Line: 25
    Warning (13410): Pin "ssd6_tx[1]" is stuck at GND File: /home/aluno/Projeto_Final_DLP1/tx_serial.vhd Line: 25
    Warning (13410): Pin "ssd6_tx[2]" is stuck at GND File: /home/aluno/Projeto_Final_DLP1/tx_serial.vhd Line: 25
    Warning (13410): Pin "ssd6_tx[3]" is stuck at GND File: /home/aluno/Projeto_Final_DLP1/tx_serial.vhd Line: 25
    Warning (13410): Pin "ssd6_tx[4]" is stuck at VCC File: /home/aluno/Projeto_Final_DLP1/tx_serial.vhd Line: 25
    Warning (13410): Pin "ssd6_tx[5]" is stuck at VCC File: /home/aluno/Projeto_Final_DLP1/tx_serial.vhd Line: 25
    Warning (13410): Pin "ssd6_tx[6]" is stuck at GND File: /home/aluno/Projeto_Final_DLP1/tx_serial.vhd Line: 25
    Warning (13410): Pin "ssd7_tx[0]" is stuck at VCC File: /home/aluno/Projeto_Final_DLP1/tx_serial.vhd Line: 26
    Warning (13410): Pin "ssd7_tx[1]" is stuck at GND File: /home/aluno/Projeto_Final_DLP1/tx_serial.vhd Line: 26
    Warning (13410): Pin "ssd7_tx[2]" is stuck at VCC File: /home/aluno/Projeto_Final_DLP1/tx_serial.vhd Line: 26
    Warning (13410): Pin "ssd7_tx[3]" is stuck at VCC File: /home/aluno/Projeto_Final_DLP1/tx_serial.vhd Line: 26
    Warning (13410): Pin "ssd7_tx[4]" is stuck at GND File: /home/aluno/Projeto_Final_DLP1/tx_serial.vhd Line: 26
    Warning (13410): Pin "ssd7_tx[5]" is stuck at VCC File: /home/aluno/Projeto_Final_DLP1/tx_serial.vhd Line: 26
    Warning (13410): Pin "ssd7_tx[6]" is stuck at VCC File: /home/aluno/Projeto_Final_DLP1/tx_serial.vhd Line: 26
    Warning (13410): Pin "ssd8_tx[0]" is stuck at VCC File: /home/aluno/Projeto_Final_DLP1/tx_serial.vhd Line: 27
    Warning (13410): Pin "ssd8_tx[1]" is stuck at GND File: /home/aluno/Projeto_Final_DLP1/tx_serial.vhd Line: 27
    Warning (13410): Pin "ssd8_tx[2]" is stuck at GND File: /home/aluno/Projeto_Final_DLP1/tx_serial.vhd Line: 27
    Warning (13410): Pin "ssd8_tx[3]" is stuck at VCC File: /home/aluno/Projeto_Final_DLP1/tx_serial.vhd Line: 27
    Warning (13410): Pin "ssd8_tx[4]" is stuck at VCC File: /home/aluno/Projeto_Final_DLP1/tx_serial.vhd Line: 27
    Warning (13410): Pin "ssd8_tx[5]" is stuck at VCC File: /home/aluno/Projeto_Final_DLP1/tx_serial.vhd Line: 27
    Warning (13410): Pin "ssd8_tx[6]" is stuck at VCC File: /home/aluno/Projeto_Final_DLP1/tx_serial.vhd Line: 27
    Warning (13410): Pin "baudrate_tx" is stuck at GND File: /home/aluno/Projeto_Final_DLP1/tx_serial.vhd Line: 29
    Warning (13410): Pin "led_baudrate_tx1" is stuck at GND File: /home/aluno/Projeto_Final_DLP1/tx_serial.vhd Line: 30
    Warning (13410): Pin "led_baudrate_tx2" is stuck at GND File: /home/aluno/Projeto_Final_DLP1/tx_serial.vhd Line: 31
    Warning (13410): Pin "led_baudrate_tx3" is stuck at GND File: /home/aluno/Projeto_Final_DLP1/tx_serial.vhd Line: 32
    Warning (13410): Pin "led_baudrate_tx4" is stuck at GND File: /home/aluno/Projeto_Final_DLP1/tx_serial.vhd Line: 33
Info (16010): Generating hard_block partition "hard_block:auto_generated_inst"
    Info (16011): Adding 0 node(s), including 0 DDIO, 0 PLL, 0 transceiver and 0 LCELL
Warning (21074): Design contains 6 input pin(s) that do not drive logic
    Warning (15610): No output dependent on input pin "clk_tx" File: /home/aluno/Projeto_Final_DLP1/tx_serial.vhd Line: 13
    Warning (15610): No output dependent on input pin "rst_tx" File: /home/aluno/Projeto_Final_DLP1/tx_serial.vhd Line: 14
    Warning (15610): No output dependent on input pin "load_tx" File: /home/aluno/Projeto_Final_DLP1/tx_serial.vhd Line: 15
    Warning (15610): No output dependent on input pin "sel_paridade_tx" File: /home/aluno/Projeto_Final_DLP1/tx_serial.vhd Line: 16
    Warning (15610): No output dependent on input pin "sel_baudrate_tx[0]" File: /home/aluno/Projeto_Final_DLP1/tx_serial.vhd Line: 17
    Warning (15610): No output dependent on input pin "sel_baudrate_tx[1]" File: /home/aluno/Projeto_Final_DLP1/tx_serial.vhd Line: 17
Info (21057): Implemented 78 device resources after synthesis - the final resource count might be different
    Info (21058): Implemented 6 input pins
    Info (21059): Implemented 72 output pins
Info: Quartus Prime Analysis & Synthesis was successful. 0 errors, 89 warnings
    Info: Peak virtual memory: 1249 megabytes
    Info: Processing ended: Fri Jun 28 13:27:45 2019
    Info: Elapsed time: 00:00:11
    Info: Total CPU time (on all processors): 00:00:24


